<?xml version="1.0" encoding="UTF-8"?>
<testsuite name="Dictionnaire.DictionaryTest" tests="2" skipped="0" failures="0" errors="0" timestamp="2021-10-28T10:46:25" hostname="LAPTOP-FFG8DFAV" time="0.038">
  <properties/>
  <testcase name="testDictionaryName()" classname="Dictionnaire.DictionaryTest" time="0.035"/>
  <testcase name="testIsEmpty()" classname="Dictionnaire.DictionaryTest" time="0.002"/>
  <system-out><![CDATA[]]></system-out>
  <system-err><![CDATA[]]></system-err>
</testsuite>
